
**** Build of configuration free_rtos for project oslib ****

"c:\\ti\\ccsv6\\utils\\bin\\gmake" -k all 
'Building file: C:/Users/chrisjohnson/Desktop/kitsune/third_party/FreeRTOS/source/croutine.c'
'Invoking: ARM Compiler'
"c:/ti/ccsv6/tools/compiler/arm_5.1.5/bin/armcl" -mv7M4 --code_state=16 --float_support=vfplib --abi=eabi -me -O1 --opt_for_speed=0 --fp_mode=relaxed --include_path="c:/ti/ccsv6/tools/compiler/arm_5.1.5/include" --include_path="C:/Users/chrisjohnson/Desktop/kitsune/oslib" --include_path="C:/Users/chrisjohnson/Desktop/kitsune/third_party/FreeRTOS/source" --include_path="C:/Users/chrisjohnson/Desktop/kitsune/third_party/FreeRTOS/source/include" --include_path="C:/Users/chrisjohnson/Desktop/kitsune/third_party/FreeRTOS/source/portable/CCS/ARM_CM3" -g --gcc --display_error_number --diag_warning=225 --diag_wrap=off --gen_func_subsections=on --printf_support=full --ual --preproc_with_compile --preproc_dependency="croutine.pp"  "C:/Users/chrisjohnson/Desktop/kitsune/third_party/FreeRTOS/source/croutine.c"
'Finished building: C:/Users/chrisjohnson/Desktop/kitsune/third_party/FreeRTOS/source/croutine.c'
' '
'Building file: C:/Users/chrisjohnson/Desktop/kitsune/third_party/FreeRTOS/source/portable/MemMang/heap_4.c'
'Invoking: ARM Compiler'
"c:/ti/ccsv6/tools/compiler/arm_5.1.5/bin/armcl" -mv7M4 --code_state=16 --float_support=vfplib --abi=eabi -me -O1 --opt_for_speed=0 --fp_mode=relaxed --include_path="c:/ti/ccsv6/tools/compiler/arm_5.1.5/include" --include_path="C:/Users/chrisjohnson/Desktop/kitsune/oslib" --include_path="C:/Users/chrisjohnson/Desktop/kitsune/third_party/FreeRTOS/source" --include_path="C:/Users/chrisjohnson/Desktop/kitsune/third_party/FreeRTOS/source/include" --include_path="C:/Users/chrisjohnson/Desktop/kitsune/third_party/FreeRTOS/source/portable/CCS/ARM_CM3" -g --gcc --display_error_number --diag_warning=225 --diag_wrap=off --gen_func_subsections=on --printf_support=full --ual --preproc_with_compile --preproc_dependency="heap_4.pp"  "C:/Users/chrisjohnson/Desktop/kitsune/third_party/FreeRTOS/source/portable/MemMang/heap_4.c"
'Finished building: C:/Users/chrisjohnson/Desktop/kitsune/third_party/FreeRTOS/source/portable/MemMang/heap_4.c'
' '
'Building file: C:/Users/chrisjohnson/Desktop/kitsune/third_party/FreeRTOS/source/list.c'
'Invoking: ARM Compiler'
"c:/ti/ccsv6/tools/compiler/arm_5.1.5/bin/armcl" -mv7M4 --code_state=16 --float_support=vfplib --abi=eabi -me -O1 --opt_for_speed=0 --fp_mode=relaxed --include_path="c:/ti/ccsv6/tools/compiler/arm_5.1.5/include" --include_path="C:/Users/chrisjohnson/Desktop/kitsune/oslib" --include_path="C:/Users/chrisjohnson/Desktop/kitsune/third_party/FreeRTOS/source" --include_path="C:/Users/chrisjohnson/Desktop/kitsune/third_party/FreeRTOS/source/include" --include_path="C:/Users/chrisjohnson/Desktop/kitsune/third_party/FreeRTOS/source/portable/CCS/ARM_CM3" -g --gcc --display_error_number --diag_warning=225 --diag_wrap=off --gen_func_subsections=on --printf_support=full --ual --preproc_with_compile --preproc_dependency="list.pp"  "C:/Users/chrisjohnson/Desktop/kitsune/third_party/FreeRTOS/source/list.c"
'Finished building: C:/Users/chrisjohnson/Desktop/kitsune/third_party/FreeRTOS/source/list.c'
' '
'Building file: C:/Users/chrisjohnson/Desktop/kitsune/oslib/osi_freertos.c'
'Invoking: ARM Compiler'
"c:/ti/ccsv6/tools/compiler/arm_5.1.5/bin/armcl" -mv7M4 --code_state=16 --float_support=vfplib --abi=eabi -me -O1 --opt_for_speed=0 --fp_mode=relaxed --include_path="c:/ti/ccsv6/tools/compiler/arm_5.1.5/include" --include_path="C:/Users/chrisjohnson/Desktop/kitsune/oslib" --include_path="C:/Users/chrisjohnson/Desktop/kitsune/third_party/FreeRTOS/source" --include_path="C:/Users/chrisjohnson/Desktop/kitsune/third_party/FreeRTOS/source/include" --include_path="C:/Users/chrisjohnson/Desktop/kitsune/third_party/FreeRTOS/source/portable/CCS/ARM_CM3" -g --gcc --display_error_number --diag_warning=225 --diag_wrap=off --gen_func_subsections=on --printf_support=full --ual --preproc_with_compile --preproc_dependency="osi_freertos.pp"  "C:/Users/chrisjohnson/Desktop/kitsune/oslib/osi_freertos.c"
"C:/Users/chrisjohnson/Desktop/kitsune/oslib/osi_freertos.c", line 488: warning #190-D: enumerated type mixed with another type
"C:/Users/chrisjohnson/Desktop/kitsune/oslib/osi_freertos.c", line 502: warning #190-D: enumerated type mixed with another type
"C:/Users/chrisjohnson/Desktop/kitsune/oslib/osi_freertos.c", line 521: warning #190-D: enumerated type mixed with another type
"C:/Users/chrisjohnson/Desktop/kitsune/oslib/osi_freertos.c", line 548: warning #190-D: enumerated type mixed with another type
'Finished building: C:/Users/chrisjohnson/Desktop/kitsune/oslib/osi_freertos.c'
' '
'Building file: C:/Users/chrisjohnson/Desktop/kitsune/third_party/FreeRTOS/source/portable/CCS/ARM_CM3/port.c'
'Invoking: ARM Compiler'
"c:/ti/ccsv6/tools/compiler/arm_5.1.5/bin/armcl" -mv7M4 --code_state=16 --float_support=vfplib --abi=eabi -me -O1 --opt_for_speed=0 --fp_mode=relaxed --include_path="c:/ti/ccsv6/tools/compiler/arm_5.1.5/include" --include_path="C:/Users/chrisjohnson/Desktop/kitsune/oslib" --include_path="C:/Users/chrisjohnson/Desktop/kitsune/third_party/FreeRTOS/source" --include_path="C:/Users/chrisjohnson/Desktop/kitsune/third_party/FreeRTOS/source/include" --include_path="C:/Users/chrisjohnson/Desktop/kitsune/third_party/FreeRTOS/source/portable/CCS/ARM_CM3" -g --gcc --display_error_number --diag_warning=225 --diag_wrap=off --gen_func_subsections=on --printf_support=full --ual --preproc_with_compile --preproc_dependency="port.pp"  "C:/Users/chrisjohnson/Desktop/kitsune/third_party/FreeRTOS/source/portable/CCS/ARM_CM3/port.c"
"C:/Users/chrisjohnson/Desktop/kitsune/third_party/FreeRTOS/source/portable/CCS/ARM_CM3/port.c", line 251: warning #225-D: function "prvPortStartFirstTask" declared implicitly
'Finished building: C:/Users/chrisjohnson/Desktop/kitsune/third_party/FreeRTOS/source/portable/CCS/ARM_CM3/port.c'
' '
'Building file: C:/Users/chrisjohnson/Desktop/kitsune/third_party/FreeRTOS/source/portable/CCS/ARM_CM3/portasm.asm'
'Invoking: ARM Compiler'
"c:/ti/ccsv6/tools/compiler/arm_5.1.5/bin/armcl" -mv7M4 --code_state=16 --float_support=vfplib --abi=eabi -me -O1 --opt_for_speed=0 --fp_mode=relaxed --include_path="c:/ti/ccsv6/tools/compiler/arm_5.1.5/include" --include_path="C:/Users/chrisjohnson/Desktop/kitsune/oslib" --include_path="C:/Users/chrisjohnson/Desktop/kitsune/third_party/FreeRTOS/source" --include_path="C:/Users/chrisjohnson/Desktop/kitsune/third_party/FreeRTOS/source/include" --include_path="C:/Users/chrisjohnson/Desktop/kitsune/third_party/FreeRTOS/source/portable/CCS/ARM_CM3" -g --gcc --display_error_number --diag_warning=225 --diag_wrap=off --gen_func_subsections=on --printf_support=full --ual --preproc_with_compile --preproc_dependency="portasm.pp"  "C:/Users/chrisjohnson/Desktop/kitsune/third_party/FreeRTOS/source/portable/CCS/ARM_CM3/portasm.asm"
'Finished building: C:/Users/chrisjohnson/Desktop/kitsune/third_party/FreeRTOS/source/portable/CCS/ARM_CM3/portasm.asm'
' '
'Building file: C:/Users/chrisjohnson/Desktop/kitsune/third_party/FreeRTOS/source/queue.c'
'Invoking: ARM Compiler'
"c:/ti/ccsv6/tools/compiler/arm_5.1.5/bin/armcl" -mv7M4 --code_state=16 --float_support=vfplib --abi=eabi -me -O1 --opt_for_speed=0 --fp_mode=relaxed --include_path="c:/ti/ccsv6/tools/compiler/arm_5.1.5/include" --include_path="C:/Users/chrisjohnson/Desktop/kitsune/oslib" --include_path="C:/Users/chrisjohnson/Desktop/kitsune/third_party/FreeRTOS/source" --include_path="C:/Users/chrisjohnson/Desktop/kitsune/third_party/FreeRTOS/source/include" --include_path="C:/Users/chrisjohnson/Desktop/kitsune/third_party/FreeRTOS/source/portable/CCS/ARM_CM3" -g --gcc --display_error_number --diag_warning=225 --diag_wrap=off --gen_func_subsections=on --printf_support=full --ual --preproc_with_compile --preproc_dependency="queue.pp"  "C:/Users/chrisjohnson/Desktop/kitsune/third_party/FreeRTOS/source/queue.c"
'Finished building: C:/Users/chrisjohnson/Desktop/kitsune/third_party/FreeRTOS/source/queue.c'
' '
'Building file: C:/Users/chrisjohnson/Desktop/kitsune/third_party/FreeRTOS/source/tasks.c'
'Invoking: ARM Compiler'
"c:/ti/ccsv6/tools/compiler/arm_5.1.5/bin/armcl" -mv7M4 --code_state=16 --float_support=vfplib --abi=eabi -me -O1 --opt_for_speed=0 --fp_mode=relaxed --include_path="c:/ti/ccsv6/tools/compiler/arm_5.1.5/include" --include_path="C:/Users/chrisjohnson/Desktop/kitsune/oslib" --include_path="C:/Users/chrisjohnson/Desktop/kitsune/third_party/FreeRTOS/source" --include_path="C:/Users/chrisjohnson/Desktop/kitsune/third_party/FreeRTOS/source/include" --include_path="C:/Users/chrisjohnson/Desktop/kitsune/third_party/FreeRTOS/source/portable/CCS/ARM_CM3" -g --gcc --display_error_number --diag_warning=225 --diag_wrap=off --gen_func_subsections=on --printf_support=full --ual --preproc_with_compile --preproc_dependency="tasks.pp"  "C:/Users/chrisjohnson/Desktop/kitsune/third_party/FreeRTOS/source/tasks.c"
"C:/Users/chrisjohnson/Desktop/kitsune/third_party/FreeRTOS/source/tasks.c", line 1836: warning #225-D: function "portCLZ" declared implicitly
'Finished building: C:/Users/chrisjohnson/Desktop/kitsune/third_party/FreeRTOS/source/tasks.c'
' '
'Building file: C:/Users/chrisjohnson/Desktop/kitsune/third_party/FreeRTOS/source/timers.c'
'Invoking: ARM Compiler'
"c:/ti/ccsv6/tools/compiler/arm_5.1.5/bin/armcl" -mv7M4 --code_state=16 --float_support=vfplib --abi=eabi -me -O1 --opt_for_speed=0 --fp_mode=relaxed --include_path="c:/ti/ccsv6/tools/compiler/arm_5.1.5/include" --include_path="C:/Users/chrisjohnson/Desktop/kitsune/oslib" --include_path="C:/Users/chrisjohnson/Desktop/kitsune/third_party/FreeRTOS/source" --include_path="C:/Users/chrisjohnson/Desktop/kitsune/third_party/FreeRTOS/source/include" --include_path="C:/Users/chrisjohnson/Desktop/kitsune/third_party/FreeRTOS/source/portable/CCS/ARM_CM3" -g --gcc --display_error_number --diag_warning=225 --diag_wrap=off --gen_func_subsections=on --printf_support=full --ual --preproc_with_compile --preproc_dependency="timers.pp"  "C:/Users/chrisjohnson/Desktop/kitsune/third_party/FreeRTOS/source/timers.c"
'Finished building: C:/Users/chrisjohnson/Desktop/kitsune/third_party/FreeRTOS/source/timers.c'
' '
'Building target: C:/Users/chrisjohnson/Desktop/kitsune/oslib/ccs/exe/FreeRTOS.a'
'Invoking: ARM Archiver'
"c:/ti/ccsv6/tools/compiler/arm_5.1.5/bin/armar" r "C:/Users/chrisjohnson/Desktop/kitsune/oslib/ccs/exe/FreeRTOS.a"  "./timers.obj" "./tasks.obj" "./queue.obj" "./portasm.obj" "./port.obj" "./osi_freertos.obj" "./list.obj" "./heap_4.obj" "./croutine.obj" 
  ==>  new archive 'C:/Users/chrisjohnson/Desktop/kitsune/oslib/ccs/exe/FreeRTOS.a'
  ==>  building archive 'C:/Users/chrisjohnson/Desktop/kitsune/oslib/ccs/exe/FreeRTOS.a'
'Finished building target: C:/Users/chrisjohnson/Desktop/kitsune/oslib/ccs/exe/FreeRTOS.a'
' '

**** Build Finished ****
