
**** Build of configuration OS for project simplelink ****

"c:\\ti\\ccsv6\\utils\\bin\\gmake" -k all 
'Building file: C:/Users/chrisjohnson/Desktop/kitsune/simplelink/cc_pal.c'
'Invoking: ARM Compiler'
"c:/ti/ccsv6/tools/compiler/arm_5.1.5/bin/armcl" -mv7M4 --code_state=16 --float_support=vfplib --abi=eabi -me -O1 --opt_for_speed=0 --fp_mode=relaxed --include_path="c:/ti/ccsv6/tools/compiler/arm_5.1.5/include" --include_path="C:/Users/chrisjohnson/Desktop/kitsune/simplelink/" --include_path="C:/Users/chrisjohnson/Desktop/kitsune/simplelink/Include" --include_path="C:/Users/chrisjohnson/Desktop/kitsune/simplelink/Source" --include_path="C:/Users/chrisjohnson/Desktop/kitsune/driverlib" --include_path="C:/Users/chrisjohnson/Desktop/kitsune/inc" --include_path="C:/Users/chrisjohnson/Desktop/kitsune/oslib/" -g --gcc --define=ccs --define=SL_FULL --define=SL_PLATFORM_MULTI_THREADED --display_error_number --diag_warning=225 --diag_wrap=off --gen_func_subsections=on --printf_support=full --ual --preproc_with_compile --preproc_dependency="cc_pal.pp"  "C:/Users/chrisjohnson/Desktop/kitsune/simplelink/cc_pal.c"
'Finished building: C:/Users/chrisjohnson/Desktop/kitsune/simplelink/cc_pal.c'
' '
'Building file: C:/Users/chrisjohnson/Desktop/kitsune/simplelink/Source/device.c'
'Invoking: ARM Compiler'
"c:/ti/ccsv6/tools/compiler/arm_5.1.5/bin/armcl" -mv7M4 --code_state=16 --float_support=vfplib --abi=eabi -me -O1 --opt_for_speed=0 --fp_mode=relaxed --include_path="c:/ti/ccsv6/tools/compiler/arm_5.1.5/include" --include_path="C:/Users/chrisjohnson/Desktop/kitsune/simplelink/" --include_path="C:/Users/chrisjohnson/Desktop/kitsune/simplelink/Include" --include_path="C:/Users/chrisjohnson/Desktop/kitsune/simplelink/Source" --include_path="C:/Users/chrisjohnson/Desktop/kitsune/driverlib" --include_path="C:/Users/chrisjohnson/Desktop/kitsune/inc" --include_path="C:/Users/chrisjohnson/Desktop/kitsune/oslib/" -g --gcc --define=ccs --define=SL_FULL --define=SL_PLATFORM_MULTI_THREADED --display_error_number --diag_warning=225 --diag_wrap=off --gen_func_subsections=on --printf_support=full --ual --preproc_with_compile --preproc_dependency="device.pp"  "C:/Users/chrisjohnson/Desktop/kitsune/simplelink/Source/device.c"
'Finished building: C:/Users/chrisjohnson/Desktop/kitsune/simplelink/Source/device.c'
' '
'Building file: C:/Users/chrisjohnson/Desktop/kitsune/simplelink/Source/driver.c'
'Invoking: ARM Compiler'
"c:/ti/ccsv6/tools/compiler/arm_5.1.5/bin/armcl" -mv7M4 --code_state=16 --float_support=vfplib --abi=eabi -me -O1 --opt_for_speed=0 --fp_mode=relaxed --include_path="c:/ti/ccsv6/tools/compiler/arm_5.1.5/include" --include_path="C:/Users/chrisjohnson/Desktop/kitsune/simplelink/" --include_path="C:/Users/chrisjohnson/Desktop/kitsune/simplelink/Include" --include_path="C:/Users/chrisjohnson/Desktop/kitsune/simplelink/Source" --include_path="C:/Users/chrisjohnson/Desktop/kitsune/driverlib" --include_path="C:/Users/chrisjohnson/Desktop/kitsune/inc" --include_path="C:/Users/chrisjohnson/Desktop/kitsune/oslib/" -g --gcc --define=ccs --define=SL_FULL --define=SL_PLATFORM_MULTI_THREADED --display_error_number --diag_warning=225 --diag_wrap=off --gen_func_subsections=on --printf_support=full --ual --preproc_with_compile --preproc_dependency="driver.pp"  "C:/Users/chrisjohnson/Desktop/kitsune/simplelink/Source/driver.c"
'Finished building: C:/Users/chrisjohnson/Desktop/kitsune/simplelink/Source/driver.c'
' '
'Building file: C:/Users/chrisjohnson/Desktop/kitsune/simplelink/Source/flowcont.c'
'Invoking: ARM Compiler'
"c:/ti/ccsv6/tools/compiler/arm_5.1.5/bin/armcl" -mv7M4 --code_state=16 --float_support=vfplib --abi=eabi -me -O1 --opt_for_speed=0 --fp_mode=relaxed --include_path="c:/ti/ccsv6/tools/compiler/arm_5.1.5/include" --include_path="C:/Users/chrisjohnson/Desktop/kitsune/simplelink/" --include_path="C:/Users/chrisjohnson/Desktop/kitsune/simplelink/Include" --include_path="C:/Users/chrisjohnson/Desktop/kitsune/simplelink/Source" --include_path="C:/Users/chrisjohnson/Desktop/kitsune/driverlib" --include_path="C:/Users/chrisjohnson/Desktop/kitsune/inc" --include_path="C:/Users/chrisjohnson/Desktop/kitsune/oslib/" -g --gcc --define=ccs --define=SL_FULL --define=SL_PLATFORM_MULTI_THREADED --display_error_number --diag_warning=225 --diag_wrap=off --gen_func_subsections=on --printf_support=full --ual --preproc_with_compile --preproc_dependency="flowcont.pp"  "C:/Users/chrisjohnson/Desktop/kitsune/simplelink/Source/flowcont.c"
'Finished building: C:/Users/chrisjohnson/Desktop/kitsune/simplelink/Source/flowcont.c'
' '
'Building file: C:/Users/chrisjohnson/Desktop/kitsune/simplelink/Source/fs.c'
'Invoking: ARM Compiler'
"c:/ti/ccsv6/tools/compiler/arm_5.1.5/bin/armcl" -mv7M4 --code_state=16 --float_support=vfplib --abi=eabi -me -O1 --opt_for_speed=0 --fp_mode=relaxed --include_path="c:/ti/ccsv6/tools/compiler/arm_5.1.5/include" --include_path="C:/Users/chrisjohnson/Desktop/kitsune/simplelink/" --include_path="C:/Users/chrisjohnson/Desktop/kitsune/simplelink/Include" --include_path="C:/Users/chrisjohnson/Desktop/kitsune/simplelink/Source" --include_path="C:/Users/chrisjohnson/Desktop/kitsune/driverlib" --include_path="C:/Users/chrisjohnson/Desktop/kitsune/inc" --include_path="C:/Users/chrisjohnson/Desktop/kitsune/oslib/" -g --gcc --define=ccs --define=SL_FULL --define=SL_PLATFORM_MULTI_THREADED --display_error_number --diag_warning=225 --diag_wrap=off --gen_func_subsections=on --printf_support=full --ual --preproc_with_compile --preproc_dependency="fs.pp"  "C:/Users/chrisjohnson/Desktop/kitsune/simplelink/Source/fs.c"
'Finished building: C:/Users/chrisjohnson/Desktop/kitsune/simplelink/Source/fs.c'
' '
'Building file: C:/Users/chrisjohnson/Desktop/kitsune/simplelink/Source/netapp.c'
'Invoking: ARM Compiler'
"c:/ti/ccsv6/tools/compiler/arm_5.1.5/bin/armcl" -mv7M4 --code_state=16 --float_support=vfplib --abi=eabi -me -O1 --opt_for_speed=0 --fp_mode=relaxed --include_path="c:/ti/ccsv6/tools/compiler/arm_5.1.5/include" --include_path="C:/Users/chrisjohnson/Desktop/kitsune/simplelink/" --include_path="C:/Users/chrisjohnson/Desktop/kitsune/simplelink/Include" --include_path="C:/Users/chrisjohnson/Desktop/kitsune/simplelink/Source" --include_path="C:/Users/chrisjohnson/Desktop/kitsune/driverlib" --include_path="C:/Users/chrisjohnson/Desktop/kitsune/inc" --include_path="C:/Users/chrisjohnson/Desktop/kitsune/oslib/" -g --gcc --define=ccs --define=SL_FULL --define=SL_PLATFORM_MULTI_THREADED --display_error_number --diag_warning=225 --diag_wrap=off --gen_func_subsections=on --printf_support=full --ual --preproc_with_compile --preproc_dependency="netapp.pp"  "C:/Users/chrisjohnson/Desktop/kitsune/simplelink/Source/netapp.c"
'Finished building: C:/Users/chrisjohnson/Desktop/kitsune/simplelink/Source/netapp.c'
' '
'Building file: C:/Users/chrisjohnson/Desktop/kitsune/simplelink/Source/netcfg.c'
'Invoking: ARM Compiler'
"c:/ti/ccsv6/tools/compiler/arm_5.1.5/bin/armcl" -mv7M4 --code_state=16 --float_support=vfplib --abi=eabi -me -O1 --opt_for_speed=0 --fp_mode=relaxed --include_path="c:/ti/ccsv6/tools/compiler/arm_5.1.5/include" --include_path="C:/Users/chrisjohnson/Desktop/kitsune/simplelink/" --include_path="C:/Users/chrisjohnson/Desktop/kitsune/simplelink/Include" --include_path="C:/Users/chrisjohnson/Desktop/kitsune/simplelink/Source" --include_path="C:/Users/chrisjohnson/Desktop/kitsune/driverlib" --include_path="C:/Users/chrisjohnson/Desktop/kitsune/inc" --include_path="C:/Users/chrisjohnson/Desktop/kitsune/oslib/" -g --gcc --define=ccs --define=SL_FULL --define=SL_PLATFORM_MULTI_THREADED --display_error_number --diag_warning=225 --diag_wrap=off --gen_func_subsections=on --printf_support=full --ual --preproc_with_compile --preproc_dependency="netcfg.pp"  "C:/Users/chrisjohnson/Desktop/kitsune/simplelink/Source/netcfg.c"
'Finished building: C:/Users/chrisjohnson/Desktop/kitsune/simplelink/Source/netcfg.c'
' '
'Building file: C:/Users/chrisjohnson/Desktop/kitsune/simplelink/Source/nonos.c'
'Invoking: ARM Compiler'
"c:/ti/ccsv6/tools/compiler/arm_5.1.5/bin/armcl" -mv7M4 --code_state=16 --float_support=vfplib --abi=eabi -me -O1 --opt_for_speed=0 --fp_mode=relaxed --include_path="c:/ti/ccsv6/tools/compiler/arm_5.1.5/include" --include_path="C:/Users/chrisjohnson/Desktop/kitsune/simplelink/" --include_path="C:/Users/chrisjohnson/Desktop/kitsune/simplelink/Include" --include_path="C:/Users/chrisjohnson/Desktop/kitsune/simplelink/Source" --include_path="C:/Users/chrisjohnson/Desktop/kitsune/driverlib" --include_path="C:/Users/chrisjohnson/Desktop/kitsune/inc" --include_path="C:/Users/chrisjohnson/Desktop/kitsune/oslib/" -g --gcc --define=ccs --define=SL_FULL --define=SL_PLATFORM_MULTI_THREADED --display_error_number --diag_warning=225 --diag_wrap=off --gen_func_subsections=on --printf_support=full --ual --preproc_with_compile --preproc_dependency="nonos.pp"  "C:/Users/chrisjohnson/Desktop/kitsune/simplelink/Source/nonos.c"
'Finished building: C:/Users/chrisjohnson/Desktop/kitsune/simplelink/Source/nonos.c'
' '
'Building file: C:/Users/chrisjohnson/Desktop/kitsune/simplelink/Source/socket.c'
'Invoking: ARM Compiler'
"c:/ti/ccsv6/tools/compiler/arm_5.1.5/bin/armcl" -mv7M4 --code_state=16 --float_support=vfplib --abi=eabi -me -O1 --opt_for_speed=0 --fp_mode=relaxed --include_path="c:/ti/ccsv6/tools/compiler/arm_5.1.5/include" --include_path="C:/Users/chrisjohnson/Desktop/kitsune/simplelink/" --include_path="C:/Users/chrisjohnson/Desktop/kitsune/simplelink/Include" --include_path="C:/Users/chrisjohnson/Desktop/kitsune/simplelink/Source" --include_path="C:/Users/chrisjohnson/Desktop/kitsune/driverlib" --include_path="C:/Users/chrisjohnson/Desktop/kitsune/inc" --include_path="C:/Users/chrisjohnson/Desktop/kitsune/oslib/" -g --gcc --define=ccs --define=SL_FULL --define=SL_PLATFORM_MULTI_THREADED --display_error_number --diag_warning=225 --diag_wrap=off --gen_func_subsections=on --printf_support=full --ual --preproc_with_compile --preproc_dependency="socket.pp"  "C:/Users/chrisjohnson/Desktop/kitsune/simplelink/Source/socket.c"
'Finished building: C:/Users/chrisjohnson/Desktop/kitsune/simplelink/Source/socket.c'
' '
'Building file: C:/Users/chrisjohnson/Desktop/kitsune/simplelink/Source/spawn.c'
'Invoking: ARM Compiler'
"c:/ti/ccsv6/tools/compiler/arm_5.1.5/bin/armcl" -mv7M4 --code_state=16 --float_support=vfplib --abi=eabi -me -O1 --opt_for_speed=0 --fp_mode=relaxed --include_path="c:/ti/ccsv6/tools/compiler/arm_5.1.5/include" --include_path="C:/Users/chrisjohnson/Desktop/kitsune/simplelink/" --include_path="C:/Users/chrisjohnson/Desktop/kitsune/simplelink/Include" --include_path="C:/Users/chrisjohnson/Desktop/kitsune/simplelink/Source" --include_path="C:/Users/chrisjohnson/Desktop/kitsune/driverlib" --include_path="C:/Users/chrisjohnson/Desktop/kitsune/inc" --include_path="C:/Users/chrisjohnson/Desktop/kitsune/oslib/" -g --gcc --define=ccs --define=SL_FULL --define=SL_PLATFORM_MULTI_THREADED --display_error_number --diag_warning=225 --diag_wrap=off --gen_func_subsections=on --printf_support=full --ual --preproc_with_compile --preproc_dependency="spawn.pp"  "C:/Users/chrisjohnson/Desktop/kitsune/simplelink/Source/spawn.c"
'Finished building: C:/Users/chrisjohnson/Desktop/kitsune/simplelink/Source/spawn.c'
' '
'Building file: C:/Users/chrisjohnson/Desktop/kitsune/simplelink/Source/wlan.c'
'Invoking: ARM Compiler'
"c:/ti/ccsv6/tools/compiler/arm_5.1.5/bin/armcl" -mv7M4 --code_state=16 --float_support=vfplib --abi=eabi -me -O1 --opt_for_speed=0 --fp_mode=relaxed --include_path="c:/ti/ccsv6/tools/compiler/arm_5.1.5/include" --include_path="C:/Users/chrisjohnson/Desktop/kitsune/simplelink/" --include_path="C:/Users/chrisjohnson/Desktop/kitsune/simplelink/Include" --include_path="C:/Users/chrisjohnson/Desktop/kitsune/simplelink/Source" --include_path="C:/Users/chrisjohnson/Desktop/kitsune/driverlib" --include_path="C:/Users/chrisjohnson/Desktop/kitsune/inc" --include_path="C:/Users/chrisjohnson/Desktop/kitsune/oslib/" -g --gcc --define=ccs --define=SL_FULL --define=SL_PLATFORM_MULTI_THREADED --display_error_number --diag_warning=225 --diag_wrap=off --gen_func_subsections=on --printf_support=full --ual --preproc_with_compile --preproc_dependency="wlan.pp"  "C:/Users/chrisjohnson/Desktop/kitsune/simplelink/Source/wlan.c"
'Finished building: C:/Users/chrisjohnson/Desktop/kitsune/simplelink/Source/wlan.c'
' '
'Building target: C:/Users/chrisjohnson/Desktop/kitsune/simplelink/ccs/exe/simplelink.a'
'Invoking: ARM Archiver'
"c:/ti/ccsv6/tools/compiler/arm_5.1.5/bin/armar" r "C:/Users/chrisjohnson/Desktop/kitsune/simplelink/ccs/exe/simplelink.a"  "./wlan.obj" "./spawn.obj" "./socket.obj" "./nonos.obj" "./netcfg.obj" "./netapp.obj" "./fs.obj" "./flowcont.obj" "./driver.obj" "./device.obj" "./cc_pal.obj"  
  ==>  new archive 'C:/Users/chrisjohnson/Desktop/kitsune/simplelink/ccs/exe/simplelink.a'
  ==>  building archive 'C:/Users/chrisjohnson/Desktop/kitsune/simplelink/ccs/exe/simplelink.a'
'Finished building target: C:/Users/chrisjohnson/Desktop/kitsune/simplelink/ccs/exe/simplelink.a'
' '

**** Build Finished ****
